<?xml version="1.0" encoding="UTF-8"?>
<!-- Generated by org.testng.reporters.JUnitReportReporter -->
<testsuite skipped="0" hostname="DESKTOP-R408AKF" name="com.testcases.Olay" tests="4" failures="0" timestamp="18 Aug 2020 10:44:03 GMT" time="59.799" errors="0">
  <testcase name="Olayengb" time="12.059" classname="com.testcases.Olay"/>
  <testcase name="SignInEnglish" time="17.085" classname="com.testcases.Olay"/>
  <testcase name="SignInGerman" time="17.267" classname="com.testcases.Olay"/>
  <testcase name="SignInSpain" time="13.388" classname="com.testcases.Olay"/>
</testsuite> <!-- com.testcases.Olay -->
