<?xml version="1.0" encoding="UTF-8"?>
<!-- Generated by org.testng.reporters.JUnitReportReporter -->
<testsuite skipped="0" hostname="DESKTOP-R408AKF" name="com.testcases.MakeMyTrip" tests="1" failures="0" timestamp="18 Aug 2020 10:40:32 GMT" time="13.485" errors="0">
  <testcase name="testt" time="13.485" classname="com.testcases.MakeMyTrip"/>
</testsuite> <!-- com.testcases.MakeMyTrip -->
