<?xml version="1.0" encoding="UTF-8"?>
<!-- Generated by org.testng.reporters.JUnitReportReporter -->
<testsuite skipped="0" hostname="DESKTOP-R408AKF" name="com.qa.restTest.getApiTest" tests="2" failures="0" timestamp="28 Jan 2020 15:31:57 GMT" time="2.442" errors="0">
  <testcase name="H1" time="1.741" classname="com.qa.restTest.getApiTest"/>
  <testcase name="H2" time="0.701" classname="com.qa.restTest.getApiTest"/>
</testsuite> <!-- com.qa.restTest.getApiTest -->
