<?xml version="1.0" encoding="UTF-8"?>
<!-- Generated by org.testng.reporters.JUnitReportReporter -->
<testsuite skipped="0" hostname="DESKTOP-R408AKF" name="com.qa.restTest.postApiTest" tests="1" failures="0" timestamp="28 Jan 2020 17:51:23 GMT" time="2.098" errors="0">
  <testcase name="postapiTest" time="2.098" classname="com.qa.restTest.postApiTest"/>
</testsuite> <!-- com.qa.restTest.postApiTest -->
